<?xml version="1.0" encoding="UTF-8"?>
<testng-results ignored="0" total="1" passed="1" failed="0" skipped="0">
  <reporter-output>
  </reporter-output>
  <suite started-at="2026-08-22T23:41:15 IST" name="Default suite" finished-at="2026-08-22T23:41:41 IST" duration-ms="25275">
    <groups>
    </groups>
    <test started-at="2026-08-22T23:41:15 IST" name="Default test" finished-at="2026-08-22T23:41:41 IST" duration-ms="25275">
      <class name="tests.sampleTest">
        <test-method is-config="true" signature="readProperties()[pri:0, instance:tests.sampleTest@45efd90f]" started-at="2026-08-22T23:41:15 IST" name="readProperties" finished-at="2026-08-22T23:41:15 IST" duration-ms="256" status="PASS">
          <reporter-output>
          </reporter-output>
        </test-method> <!-- readProperties -->
        <test-method is-config="true" signature="startBrowser()[pri:0, instance:tests.sampleTest@45efd90f]" started-at="2026-08-22T23:41:17 IST" name="startBrowser" finished-at="2026-08-22T23:41:28 IST" duration-ms="11493" status="PASS">
          <reporter-output>
          </reporter-output>
        </test-method> <!-- startBrowser -->
        <test-method signature="simpleTest()[pri:0, instance:tests.sampleTest@45efd90f]" started-at="2026-08-22T23:41:29 IST" name="simpleTest" finished-at="2026-08-22T23:41:33 IST" duration-ms="4208" status="PASS">
          <reporter-output>
          </reporter-output>
        </test-method> <!-- simpleTest -->
        <test-method is-config="true" signature="closeBrowser()[pri:0, instance:tests.sampleTest@45efd90f]" started-at="2026-08-22T23:41:37 IST" name="closeBrowser" finished-at="2026-08-22T23:41:41 IST" duration-ms="3691" status="PASS">
          <reporter-output>
          </reporter-output>
        </test-method> <!-- closeBrowser -->
      </class> <!-- tests.sampleTest -->
    </test> <!-- Default test -->
  </suite> <!-- Default suite -->
</testng-results>
